<?xml version="1.0" encoding="UTF-8"?>
<testsuite xmlns:xsi="http://www.w3.org/2001/XMLSchema-instance" xsi:noNamespaceSchemaLocation="https://maven.apache.org/surefire/maven-surefire-plugin/xsd/surefire-test-report.xsd" version="3.0.2" name="Socializer.ChatBackend.ChatBackendApplicationTests" time="2.865" tests="1" errors="0" skipped="0" failures="0">
  <properties>
[...]
</properties>
  <testcase name="contextLoads" classname="Socializer.ChatBackend.ChatBackendApplicationTests" time="0.283">
    <system-out><![CDATA[14:27:46.574 [main] INFO org.springframework.test.context.support.AnnotationConfigContextLoaderUtils -- Could not detect default configuration classes for test class [Socializer.ChatBackend.ChatBackendApplicationTests]: ChatBackendApplicationTests does not declare any static, non-private, non-final, nested classes annotated with @Configuration.
14:27:46.637 [main] INFO org.springframework.boot.test.context.SpringBootTestContextBootstrapper -- Found @SpringBootConfiguration Socializer.ChatBackend.ChatBackendApplication for test class Socializer.ChatBackend.ChatBackendApplicationTests

  .   ____          _            __ _ _
 /\\ / ___'_ __ _ _(_)_ __  __ _ \ \ \ \
( ( )\___ | '_ | '_| | '_ \/ _` | \ \ \ \
 \\/  ___)| |_)| | | | | || (_| |  ) ) ) )
  '  |____| .__|_| |_|_| |_\__, | / / / /
 =========|_|==============|___/=/_/_/_/

 :: Spring Boot ::                (v3.4.0)

2025-01-05T14:27:46.893+01:00  INFO 9578 --- [ChatBackend] [           main] S.C.ChatBackendApplicationTests          : Starting ChatBackendApplicationTests using Java 22.0.1 with PID 9578 (started by utkarshfulara in /Users/utkarshfulara/Desktop/Class Documents/InformatikProjekt/Icebreaker/ChatBackend/ChatBackend)
2025-01-05T14:27:46.894+01:00  INFO 9578 --- [ChatBackend] [           main] S.C.ChatBackendApplicationTests          : No active profile set, falling back to 1 default profile: "default"
2025-01-05T14:27:47.195+01:00  INFO 9578 --- [ChatBackend] [           main] .s.d.r.c.RepositoryConfigurationDelegate : Bootstrapping Spring Data JPA repositories in DEFAULT mode.
2025-01-05T14:27:47.222+01:00  INFO 9578 --- [ChatBackend] [           main] .s.d.r.c.RepositoryConfigurationDelegate : Finished Spring Data repository scanning in 23 ms. Found 5 JPA repository interfaces.
2025-01-05T14:27:47.440+01:00  INFO 9578 --- [ChatBackend] [           main] o.hibernate.jpa.internal.util.LogHelper  : HHH000204: Processing PersistenceUnitInfo [name: default]
2025-01-05T14:27:47.469+01:00  INFO 9578 --- [ChatBackend] [           main] org.hibernate.Version                    : HHH000412: Hibernate ORM core version 6.6.2.Final
2025-01-05T14:27:47.483+01:00  INFO 9578 --- [ChatBackend] [           main] o.h.c.internal.RegionFactoryInitiator    : HHH000026: Second-level cache disabled
2025-01-05T14:27:47.598+01:00  INFO 9578 --- [ChatBackend] [           main] o.s.o.j.p.SpringPersistenceUnitInfo      : No LoadTimeWeaver setup: ignoring JPA class transformer
2025-01-05T14:27:47.611+01:00  INFO 9578 --- [ChatBackend] [           main] com.zaxxer.hikari.HikariDataSource       : HikariPool-1 - Starting...
2025-01-05T14:27:47.726+01:00  INFO 9578 --- [ChatBackend] [           main] com.zaxxer.hikari.pool.HikariPool        : HikariPool-1 - Added connection org.postgresql.jdbc.PgConnection@77a2688d
2025-01-05T14:27:47.727+01:00  INFO 9578 --- [ChatBackend] [           main] com.zaxxer.hikari.HikariDataSource       : HikariPool-1 - Start completed.
2025-01-05T14:27:47.766+01:00  INFO 9578 --- [ChatBackend] [           main] org.hibernate.orm.connections.pooling    : HHH10001005: Database info:
	Database JDBC URL [Connecting through datasource 'HikariDataSource (HikariPool-1)']
	Database driver: undefined/unknown
	Database version: 17.2
	Autocommit mode: undefined/unknown
	Isolation level: undefined/unknown
	Minimum pool size: undefined/unknown
	Maximum pool size: undefined/unknown
2025-01-05T14:27:48.180+01:00  INFO 9578 --- [ChatBackend] [           main] o.h.e.t.j.p.i.JtaPlatformInitiator       : HHH000489: No JTA platform available (set 'hibernate.transaction.jta.platform' to enable JTA platform integration)
2025-01-05T14:27:48.219+01:00  INFO 9578 --- [ChatBackend] [           main] j.LocalContainerEntityManagerFactoryBean : Initialized JPA EntityManagerFactory for persistence unit 'default'
2025-01-05T14:27:48.361+01:00  INFO 9578 --- [ChatBackend] [           main] o.s.d.j.r.query.QueryEnhancerFactory     : Hibernate is in classpath; If applicable, HQL parser will be used.
2025-01-05T14:27:48.701+01:00  WARN 9578 --- [ChatBackend] [           main] JpaBaseConfiguration$JpaWebConfiguration : spring.jpa.open-in-view is enabled by default. Therefore, database queries may be performed during view rendering. Explicitly configure spring.jpa.open-in-view to disable this warning
2025-01-05T14:27:48.758+01:00 DEBUG 9578 --- [ChatBackend] [           main] o.s.w.s.s.s.WebSocketHandlerMapping      : Patterns [/ws/**] in 'stompWebSocketHandlerMapping'
2025-01-05T14:27:48.866+01:00 DEBUG 9578 --- [ChatBackend] [           main] o.s.s.web.DefaultSecurityFilterChain     : Will secure any request with filters: DisableEncodeUrlFilter, WebAsyncManagerIntegrationFilter, SecurityContextHolderFilter, HeaderWriterFilter, CorsFilter, LogoutFilter, BearerTokenAuthenticationFilter, RequestCacheAwareFilter, SecurityContextHolderAwareRequestFilter, AnonymousAuthenticationFilter, ExceptionTranslationFilter, AuthorizationFilter
2025-01-05T14:27:48.894+01:00 DEBUG 9578 --- [ChatBackend] [           main] .WebSocketAnnotationMethodMessageHandler : 
	S.C.C.GPTController:
	
2025-01-05T14:27:48.894+01:00 DEBUG 9578 --- [ChatBackend] [           main] .WebSocketAnnotationMethodMessageHandler : 
	S.C.C.GetMessageController:
	
2025-01-05T14:27:48.894+01:00 DEBUG 9578 --- [ChatBackend] [           main] .WebSocketAnnotationMethodMessageHandler : 
	S.C.C.HomeController:
	
2025-01-05T14:27:48.896+01:00 DEBUG 9578 --- [ChatBackend] [           main] .WebSocketAnnotationMethodMessageHandler : 
	S.C.C.M.ChatController:
	{[MESSAGE],[/chat]}: processMessage(ChatMessageDTO)
2025-01-05T14:27:48.896+01:00 DEBUG 9578 --- [ChatBackend] [           main] .WebSocketAnnotationMethodMessageHandler : 
	S.C.C.ProfileController:
	
2025-01-05T14:27:48.896+01:00 DEBUG 9578 --- [ChatBackend] [           main] .WebSocketAnnotationMethodMessageHandler : 
	o.s.b.a.w.s.e.BasicErrorController:
	
2025-01-05T14:27:49.032+01:00 DEBUG 9578 --- [ChatBackend] [           main] o.s.m.s.ExecutorSubscribableChannel      : clientOutboundChannel added SubProtocolWebSocketHandler[StompSubProtocolHandler[v10.stomp, v11.stomp, v12.stomp]]
2025-01-05T14:27:49.032+01:00 DEBUG 9578 --- [ChatBackend] [           main] o.s.m.s.ExecutorSubscribableChannel      : clientInboundChannel added WebSocketAnnotationMethodMessageHandler[prefixes=[/app/]]
2025-01-05T14:27:49.032+01:00  INFO 9578 --- [ChatBackend] [           main] o.s.m.s.b.SimpleBrokerMessageHandler     : Starting...
2025-01-05T14:27:49.032+01:00 DEBUG 9578 --- [ChatBackend] [           main] o.s.m.s.ExecutorSubscribableChannel      : clientInboundChannel added SimpleBrokerMessageHandler [org.springframework.messaging.simp.broker.DefaultSubscriptionRegistry@37846cc2]
2025-01-05T14:27:49.032+01:00 DEBUG 9578 --- [ChatBackend] [           main] o.s.m.s.ExecutorSubscribableChannel      : brokerChannel added SimpleBrokerMessageHandler [org.springframework.messaging.simp.broker.DefaultSubscriptionRegistry@37846cc2]
2025-01-05T14:27:49.033+01:00  INFO 9578 --- [ChatBackend] [           main] o.s.m.s.b.SimpleBrokerMessageHandler     : BrokerAvailabilityEvent[available=true, SimpleBrokerMessageHandler [org.springframework.messaging.simp.broker.DefaultSubscriptionRegistry@37846cc2]]
2025-01-05T14:27:49.033+01:00  INFO 9578 --- [ChatBackend] [           main] o.s.m.s.b.SimpleBrokerMessageHandler     : Started.
2025-01-05T14:27:49.033+01:00 DEBUG 9578 --- [ChatBackend] [           main] o.s.m.s.ExecutorSubscribableChannel      : clientInboundChannel added UserDestinationMessageHandler[DefaultUserDestinationResolver[prefix=/user/]]
2025-01-05T14:27:49.033+01:00 DEBUG 9578 --- [ChatBackend] [           main] o.s.m.s.ExecutorSubscribableChannel      : brokerChannel added UserDestinationMessageHandler[DefaultUserDestinationResolver[prefix=/user/]]
2025-01-05T14:27:49.037+01:00  INFO 9578 --- [ChatBackend] [           main] S.C.ChatBackendApplicationTests          : Started ChatBackendApplicationTests in 2.318 seconds (process running for 2.806)
]]></system-out>
    <system-err><![CDATA[Mockito is currently self-attaching to enable the inline-mock-maker. This will no longer work in future releases of the JDK. Please add Mockito as an agent to your build what is described in Mockito's documentation: https://javadoc.io/doc/org.mockito/mockito-core/latest/org/mockito/Mockito.html#0.3
WARNING: A Java agent has been loaded dynamically (/Users/utkarshfulara/.m2/repository/net/bytebuddy/byte-buddy-agent/1.15.10/byte-buddy-agent-1.15.10.jar)
WARNING: If a serviceability tool is in use, please run with -XX:+EnableDynamicAgentLoading to hide this warning
WARNING: If a serviceability tool is not in use, please run with -Djdk.instrument.traceUsage for more information
WARNING: Dynamic loading of agents will be disallowed by default in a future release
]]></system-err>
  </testcase>
</testsuite>